# JRE version: OpenJDK Runtime Environment (8.0_212-b04) (build 1.8.0_212-release-1586-b04)
# Java VM: OpenJDK 64-Bit Server VM (25.212-b04 mixed mode windows-amd64 compressed oops)
Heap:
 PSYoungGen      total 38912K, used 29695K [0x00000000fab00000, 0x0000000100000000, 0x0000000100000000)
  eden space 29696K, 99% used [0x00000000fab00000,0x00000000fc7fff38,0x00000000fc800000)
  from space 9216K, 0% used [0x00000000ff700000,0x00000000ff700000,0x0000000100000000)
  to   space 28672K, 0% used [0x00000000fc800000,0x00000000fc800000,0x00000000fe400000)
 ParOldGen       total 175104K, used 174864K [0x00000000f0000000, 0x00000000fab00000, 0x00000000fab00000)
  object space 175104K, 99% used [0x00000000f0000000,0x00000000faac41c8,0x00000000fab00000)
 Metaspace       used 114057K, capacity 121920K, committed 124160K, reserved 1157120K
  class space    used 14121K, capacity 15532K, committed 16128K, reserved 1048576K
GC Heap History (10 events):
Event: 627.070 GC heap after
Heap after GC invocations=417 (full 57):
 PSYoungGen      total 38912K, used 29682K [0x00000000fab00000, 0x0000000100000000, 0x0000000100000000)
  eden space 29696K, 99% used [0x00000000fab00000,0x00000000fc7fcab8,0x00000000fc800000)
  from space 9216K, 0% used [0x00000000ff700000,0x00000000ff700000,0x0000000100000000)
  to   space 28672K, 0% used [0x00000000fc800000,0x00000000fc800000,0x00000000fe400000)
 ParOldGen       total 175104K, used 174864K [0x00000000f0000000, 0x00000000fab00000, 0x00000000fab00000)
  object space 175104K, 99% used [0x00000000f0000000,0x00000000faac41c8,0x00000000fab00000)
 Metaspace       used 114057K, capacity 121920K, committed 124160K, reserved 1157120K
  class space    used 14121K, capacity 15532K, committed 16128K, reserved 1048576K
}
Event: 627.070 GC heap before
{Heap before GC invocations=418 (full 58):
 PSYoungGen      total 38912K, used 29696K [0x00000000fab00000, 0x0000000100000000, 0x0000000100000000)
  eden space 29696K, 100% used [0x00000000fab00000,0x00000000fc800000,0x00000000fc800000)
  from space 9216K, 0% used [0x00000000ff700000,0x00000000ff700000,0x0000000100000000)
  to   space 28672K, 0% used [0x00000000fc800000,0x00000000fc800000,0x00000000fe400000)
 ParOldGen       total 175104K, used 174864K [0x00000000f0000000, 0x00000000fab00000, 0x00000000fab00000)
  object space 175104K, 99% used [0x00000000f0000000,0x00000000faac41c8,0x00000000fab00000)
 Metaspace       used 114057K, capacity 121920K, committed 124160K, reserved 1157120K
  class space    used 14121K, capacity 15532K, committed 16128K, reserved 1048576K
Event: 627.185 GC heap after
Heap after GC invocations=418 (full 58):
 PSYoungGen      total 38912K, used 29684K [0x00000000fab00000, 0x0000000100000000, 0x0000000100000000)
  eden space 29696K, 99% used [0x00000000fab00000,0x00000000fc7fd370,0x00000000fc800000)
  from space 9216K, 0% used [0x00000000ff700000,0x00000000ff700000,0x0000000100000000)
  to   space 28672K, 0% used [0x00000000fc800000,0x00000000fc800000,0x00000000fe400000)
 ParOldGen       total 175104K, used 174864K [0x00000000f0000000, 0x00000000fab00000, 0x00000000fab00000)
  object space 175104K, 99% used [0x00000000f0000000,0x00000000faac41c8,0x00000000fab00000)
 Metaspace       used 114057K, capacity 121920K, committed 124160K, reserved 1157120K
  class space    used 14121K, capacity 15532K, committed 16128K, reserved 1048576K
}
Event: 627.185 GC heap before
{Heap before GC invocations=419 (full 59):
 PSYoungGen      total 38912K, used 29696K [0x00000000fab00000, 0x0000000100000000, 0x0000000100000000)
  eden space 29696K, 100% used [0x00000000fab00000,0x00000000fc800000,0x00000000fc800000)
  from space 9216K, 0% used [0x00000000ff700000,0x00000000ff700000,0x0000000100000000)
  to   space 28672K, 0% used [0x00000000fc800000,0x00000000fc800000,0x00000000fe400000)
 ParOldGen       total 175104K, used 174864K [0x00000000f0000000, 0x00000000fab00000, 0x00000000fab00000)
  object space 175104K, 99% used [0x00000000f0000000,0x00000000faac41c8,0x00000000fab00000)
 Metaspace       used 114057K, capacity 121920K, committed 124160K, reserved 1157120K
  class space    used 14121K, capacity 15532K, committed 16128K, reserved 1048576K
Event: 627.296 GC heap after
Heap after GC invocations=419 (full 59):
 PSYoungGen      total 38912K, used 29686K [0x00000000fab00000, 0x0000000100000000, 0x0000000100000000)
  eden space 29696K, 99% used [0x00000000fab00000,0x00000000fc7fd9a0,0x00000000fc800000)
  from space 9216K, 0% used [0x00000000ff700000,0x00000000ff700000,0x0000000100000000)
  to   space 28672K, 0% used [0x00000000fc800000,0x00000000fc800000,0x00000000fe400000)
 ParOldGen       total 175104K, used 174864K [0x00000000f0000000, 0x00000000fab00000, 0x00000000fab00000)
  object space 175104K, 99% used [0x00000000f0000000,0x00000000faac41c8,0x00000000fab00000)
 Metaspace       used 114057K, capacity 121920K, committed 124160K, reserved 1157120K
  class space    used 14121K, capacity 15532K, committed 16128K, reserved 1048576K
}
Event: 627.296 GC heap before
{Heap before GC invocations=420 (full 60):
 PSYoungGen      total 38912K, used 29696K [0x00000000fab00000, 0x0000000100000000, 0x0000000100000000)
  eden space 29696K, 100% used [0x00000000fab00000,0x00000000fc800000,0x00000000fc800000)
  from space 9216K, 0% used [0x00000000ff700000,0x00000000ff700000,0x0000000100000000)
  to   space 28672K, 0% used [0x00000000fc800000,0x00000000fc800000,0x00000000fe400000)
 ParOldGen       total 175104K, used 174864K [0x00000000f0000000, 0x00000000fab00000, 0x00000000fab00000)
  object space 175104K, 99% used [0x00000000f0000000,0x00000000faac41c8,0x00000000fab00000)
 Metaspace       used 114057K, capacity 121920K, committed 124160K, reserved 1157120K
  class space    used 14121K, capacity 15532K, committed 16128K, reserved 1048576K
Event: 627.407 GC heap after
Heap after GC invocations=420 (full 60):
 PSYoungGen      total 38912K, used 29687K [0x00000000fab00000, 0x0000000100000000, 0x0000000100000000)
  eden space 29696K, 99% used [0x00000000fab00000,0x00000000fc7fde28,0x00000000fc800000)
  from space 9216K, 0% used [0x00000000ff700000,0x00000000ff700000,0x0000000100000000)
  to   space 28672K, 0% used [0x00000000fc800000,0x00000000fc800000,0x00000000fe400000)
 ParOldGen       total 175104K, used 174864K [0x00000000f0000000, 0x00000000fab00000, 0x00000000fab00000)
  object space 175104K, 99% used [0x00000000f0000000,0x00000000faac41c8,0x00000000fab00000)
 Metaspace       used 114057K, capacity 121920K, committed 124160K, reserved 1157120K
  class space    used 14121K, capacity 15532K, committed 16128K, reserved 1048576K
}
Event: 627.408 GC heap before
{Heap before GC invocations=421 (full 61):
 PSYoungGen      total 38912K, used 29696K [0x00000000fab00000, 0x0000000100000000, 0x0000000100000000)
  eden space 29696K, 100% used [0x00000000fab00000,0x00000000fc800000,0x00000000fc800000)
  from space 9216K, 0% used [0x00000000ff700000,0x00000000ff700000,0x0000000100000000)
  to   space 28672K, 0% used [0x00000000fc800000,0x00000000fc800000,0x00000000fe400000)
 ParOldGen       total 175104K, used 174864K [0x00000000f0000000, 0x00000000fab00000, 0x00000000fab00000)
  object space 175104K, 99% used [0x00000000f0000000,0x00000000faac41c8,0x00000000fab00000)
 Metaspace       used 114057K, capacity 121920K, committed 124160K, reserved 1157120K
  class space    used 14121K, capacity 15532K, committed 16128K, reserved 1048576K
Event: 627.517 GC heap after
Heap after GC invocations=421 (full 61):
 PSYoungGen      total 38912K, used 29688K [0x00000000fab00000, 0x0000000100000000, 0x0000000100000000)
  eden space 29696K, 99% used [0x00000000fab00000,0x00000000fc7fe2c8,0x00000000fc800000)
  from space 9216K, 0% used [0x00000000ff700000,0x00000000ff700000,0x0000000100000000)
  to   space 28672K, 0% used [0x00000000fc800000,0x00000000fc800000,0x00000000fe400000)
 ParOldGen       total 175104K, used 174864K [0x00000000f0000000, 0x00000000fab00000, 0x00000000fab00000)
  object space 175104K, 99% used [0x00000000f0000000,0x00000000faac41c8,0x00000000fab00000)
 Metaspace       used 114057K, capacity 121920K, committed 124160K, reserved 1157120K
  class space    used 14121K, capacity 15532K, committed 16128K, reserved 1048576K
}
Event: 627.518 GC heap before
{Heap before GC invocations=422 (full 62):
 PSYoungGen      total 38912K, used 29695K [0x00000000fab00000, 0x0000000100000000, 0x0000000100000000)
  eden space 29696K, 99% used [0x00000000fab00000,0x00000000fc7fff38,0x00000000fc800000)
  from space 9216K, 0% used [0x00000000ff700000,0x00000000ff700000,0x0000000100000000)
  to   space 28672K, 0% used [0x00000000fc800000,0x00000000fc800000,0x00000000fe400000)
 ParOldGen       total 175104K, used 174864K [0x00000000f0000000, 0x00000000fab00000, 0x00000000fab00000)
  object space 175104K, 99% used [0x00000000f0000000,0x00000000faac41c8,0x00000000fab00000)
 Metaspace       used 114057K, capacity 121920K, committed 124160K, reserved 1157120K
  class space    used 14121K, capacity 15532K, committed 16128K, reserved 1048576K

